#
# A fatal error has been detected by the Java Runtime Environment:
#
#  Internal Error (sharedRuntime.cpp:532), pid=9556, tid=5891
#  Error: ShouldNotReachHere()
#
# JRE version: OpenJDK Runtime Environment Zulu16.28+11-CA (16.0+36) (build 16+36)
# Java VM: OpenJDK 64-Bit Server VM Zulu16.28+11-CA (16+36, mixed mode, tiered, compressed oops, g1 gc, bsd-aarch64)
# No core dump will be written. Core dumps have been disabled. To enable core dumping, try "ulimit -c unlimited" before starting Java again
#
# If you would like to submit a bug report, please visit:
#   http://www.azulsystems.com/support/
#

---------------  S U M M A R Y ------------

Command Line: -Djava.awt.headless=true /Users/yuuki/.vscode/extensions/jebbs.plantuml-2.17.3/plantuml.jar -language

Host: MacBookPro17,1 arm64 1 MHz, 8 cores, 16G, Darwin 21.6.0, macOS 12.5.1 (21G83)
Time: Tue Sep  6 09:13:47 2022 JST elapsed time: 0.230186 seconds (0d 0h 0m 0s)

---------------  T H R E A D  ---------------

Current thread (0x000000015700a000):  JavaThread "main" [_thread_in_Java, id=5891, stack(0x000000016d23c000,0x000000016d43f000)]

Stack: [0x000000016d23c000,0x000000016d43f000],  sp=0x000000016d43c570,  free space=2049k
Native frames: (J=compiled Java code, A=aot compiled Java code, j=interpreted, Vv=VM code, C=native code)
V  [libjvm.dylib+0x9abf04]  _ZN7VMError14report_and_dieEiPKcS1_PcP6ThreadPhPvS6_S1_im+0x46c
V  [libjvm.dylib+0x9ac658]  _ZN7VMError14report_and_dieEP6ThreadPvPKciS4_S4_Pc+0x40
V  [libjvm.dylib+0x2a9dd0]  _Z15report_vm_errorPKciS0_S0_z+0x5c
V  [libjvm.dylib+0x2a9fa4]  _Z28report_should_not_reach_herePKci+0x2c
V  [libjvm.dylib+0x81388c]  _ZN13SharedRuntime40raw_exception_handler_for_return_addressEP10JavaThreadPh+0x178
V  [libjvm.dylib+0x813930]  _ZN13SharedRuntime36exception_handler_for_return_addressEP10JavaThreadPh+0x28
v  ~StubRoutines::forward exception
j  java.lang.Class.forName(Ljava/lang/String;ZLjava/lang/ClassLoader;)Ljava/lang/Class;+43 java.base@16
j  java.util.ResourceBundle$3.run()Ljava/lang/Class;+9 java.base@16
j  java.util.ResourceBundle$3.run()Ljava/lang/Object;+1 java.base@16
j  java.security.AccessController.executePrivileged(Ljava/security/PrivilegedAction;Ljava/security/AccessControlContext;Ljava/lang/Class;)Ljava/lang/Object;+29 java.base@16
j  java.security.AccessController.doPrivileged(Ljava/security/PrivilegedAction;)Ljava/lang/Object;+5 java.base@16
j  java.util.ResourceBundle.getResourceBundleProviderType(Ljava/lang/String;Ljava/lang/ClassLoader;)Ljava/lang/Class;+85 java.base@16
j  java.util.ResourceBundle.getServiceLoader(Ljava/lang/Module;Ljava/lang/String;)Ljava/util/ServiceLoader;+16 java.base@16
j  java.util.ResourceBundle$CacheKey.getProviders()Ljava/util/ServiceLoader;+16 java.base@16
j  java.util.ResourceBundle$CacheKey.hasProviders()Z+1 java.base@16
j  java.util.ResourceBundle.loadBundle(Ljava/util/ResourceBundle$CacheKey;Ljava/util/List;Ljava/util/ResourceBundle$Control;Ljava/lang/Module;Ljava/lang/Module;)Ljava/util/ResourceBundle;+16 java.base@16
j  java.util.ResourceBundle.findBundle(Ljava/lang/Module;Ljava/lang/Module;Ljava/util/ResourceBundle$CacheKey;Ljava/util/List;Ljava/util/List;ILjava/util/ResourceBundle$Control;Ljava/util/ResourceBundle;)Ljava/util/ResourceBundle;+249 java.base@16
j  java.util.ResourceBundle.findBundle(Ljava/lang/Module;Ljava/lang/Module;Ljava/util/ResourceBundle$CacheKey;Ljava/util/List;Ljava/util/List;ILjava/util/ResourceBundle$Control;Ljava/util/ResourceBundle;)Ljava/util/ResourceBundle;+43 java.base@16
j  java.util.ResourceBundle.findBundle(Ljava/lang/Module;Ljava/lang/Module;Ljava/util/ResourceBundle$CacheKey;Ljava/util/List;Ljava/util/List;ILjava/util/ResourceBundle$Control;Ljava/util/ResourceBundle;)Ljava/util/ResourceBundle;+43 java.base@16
j  java.util.ResourceBundle.getBundleImpl(Ljava/lang/Module;Ljava/lang/Module;Ljava/lang/String;Ljava/util/Locale;Ljava/util/ResourceBundle$Control;)Ljava/util/ResourceBundle;+196 java.base@16
j  java.util.ResourceBundle.getBundleImpl(Ljava/lang/String;Ljava/util/Locale;Ljava/lang/Class;Ljava/lang/ClassLoader;Ljava/util/ResourceBundle$Control;)Ljava/util/ResourceBundle;+45 java.base@16
j  java.util.ResourceBundle.getBundleImpl(Ljava/lang/String;Ljava/util/Locale;Ljava/lang/Class;Ljava/util/ResourceBundle$Control;)Ljava/util/ResourceBundle;+8 java.base@16
j  java.util.ResourceBundle.getBundle(Ljava/lang/String;)Ljava/util/ResourceBundle;+14 java.base@16
j  java.awt.Toolkit$4.run()Ljava/lang/Void;+2 java.desktop@16
j  java.awt.Toolkit$4.run()Ljava/lang/Object;+1 java.desktop@16
j  java.security.AccessController.executePrivileged(Ljava/security/PrivilegedAction;Ljava/security/AccessControlContext;Ljava/lang/Class;)Ljava/lang/Object;+29 java.base@16
j  java.security.AccessController.doPrivileged(Ljava/security/PrivilegedAction;)Ljava/lang/Object;+5 java.base@16
j  java.awt.Toolkit.<clinit>()V+37 java.desktop@16
v  ~StubRoutines::call_stub
V  [libjvm.dylib+0x43f718]  _ZN9JavaCalls11call_helperEP9JavaValueRK12methodHandleP17JavaCallArgumentsP6Thread+0x30c
V  [libjvm.dylib+0x4210c0]  _ZN13InstanceKlass22call_class_initializerEP6Thread+0x1e8
V  [libjvm.dylib+0x4207ec]  _ZN13InstanceKlass15initialize_implEP6Thread+0x57c
V  [libjvm.dylib+0x657ef4]  _ZN12LinkResolver19resolve_static_callER8CallInfoRK8LinkInfobP6Thread+0x78
V  [libjvm.dylib+0x659ecc]  _ZN12LinkResolver14resolve_invokeER8CallInfo6HandleRK18constantPoolHandleiN9Bytecodes4CodeEP6Thread+0xac
V  [libjvm.dylib+0x438a34]  _ZN18InterpreterRuntime14resolve_invokeEP10JavaThreadN9Bytecodes4CodeE+0x29c
V  [libjvm.dylib+0x439030]  _ZN18InterpreterRuntime18resolve_from_cacheEP10JavaThreadN9Bytecodes4CodeE+0x7c
j  java.awt.Rectangle.<clinit>()V+0 java.desktop@16
v  ~StubRoutines::call_stub
V  [libjvm.dylib+0x43f718]  _ZN9JavaCalls11call_helperEP9JavaValueRK12methodHandleP17JavaCallArgumentsP6Thread+0x30c
V  [libjvm.dylib+0x4210c0]  _ZN13InstanceKlass22call_class_initializerEP6Thread+0x1e8
V  [libjvm.dylib+0x4207ec]  _ZN13InstanceKlass15initialize_implEP6Thread+0x57c
V  [libjvm.dylib+0x4357a4]  _ZN18InterpreterRuntime4_newEP10JavaThreadP12ConstantPooli+0xc4
j  sun.awt.image.IntegerInterleavedRaster.<init>(Ljava/awt/image/SampleModel;Ljava/awt/image/DataBufferInt;Ljava/awt/Point;)V+3 java.desktop@16
j  java.awt.image.Raster.createPackedRaster(Ljava/awt/image/DataBuffer;III[ILjava/awt/Point;)Ljava/awt/image/WritableRaster;+149 java.desktop@16
j  java.awt.image.Raster.createPackedRaster(III[ILjava/awt/Point;)Ljava/awt/image/WritableRaster;+99 java.desktop@16
j  java.awt.image.DirectColorModel.createCompatibleWritableRaster(II)Ljava/awt/image/WritableRaster;+83 java.desktop@16
j  java.awt.image.BufferedImage.<init>(III)V+104 java.desktop@16
j  net.sourceforge.plantuml.FileFormat.<clinit>()V+406
v  ~StubRoutines::call_stub
V  [libjvm.dylib+0x43f718]  _ZN9JavaCalls11call_helperEP9JavaValueRK12methodHandleP17JavaCallArgumentsP6Thread+0x30c
V  [libjvm.dylib+0x4210c0]  _ZN13InstanceKlass22call_class_initializerEP6Thread+0x1e8
V  [libjvm.dylib+0x4207ec]  _ZN13InstanceKlass15initialize_implEP6Thread+0x57c
V  [libjvm.dylib+0x657b30]  _ZN12LinkResolver13resolve_fieldER15fieldDescriptorRK8LinkInfoN9Bytecodes4CodeEbP6Thread+0x2d4
V  [libjvm.dylib+0x657840]  _ZN12LinkResolver20resolve_field_accessER15fieldDescriptorRK18constantPoolHandleiRK12methodHandleN9Bytecodes4CodeEP6Thread+0x50
V  [libjvm.dylib+0x437d58]  _ZN18InterpreterRuntime15resolve_get_putEP10JavaThreadN9Bytecodes4CodeE+0x170
V  [libjvm.dylib+0x439010]  _ZN18InterpreterRuntime18resolve_from_cacheEP10JavaThreadN9Bytecodes4CodeE+0x5c
j  net.sourceforge.plantuml.Option.<init>([Ljava/lang/String;)V+178
j  net.sourceforge.plantuml.Run.main([Ljava/lang/String;)V+45
v  ~StubRoutines::call_stub
V  [libjvm.dylib+0x43f718]  _ZN9JavaCalls11call_helperEP9JavaValueRK12methodHandleP17JavaCallArgumentsP6Thread+0x30c
V  [libjvm.dylib+0x4a115c]  _ZL17jni_invoke_staticP7JNIEnv_P9JavaValueP8_jobject11JNICallTypeP10_jmethodIDP18JNI_ArgumentPusherP6Thread+0x120
V  [libjvm.dylib+0x4a4570]  jni_CallStaticVoidMethod+0x120
C  [libjli.dylib+0x5430]  JavaMain+0x9d4
C  [libjli.dylib+0x778c]  ThreadJavaMain+0xc
C  [libsystem_pthread.dylib+0x726c]  _pthread_start+0x94


---------------  P R O C E S S  ---------------

Threads class SMR info:
_java_thread_list=0x0000000154f17e90, length=12, elements={
0x000000015700a000, 0x0000000156011c00, 0x0000000156008600, 0x000000012e810200,
0x0000000135008600, 0x0000000135008c00, 0x0000000135009200, 0x000000012b877800,
0x000000012b877e00, 0x000000012e828800, 0x000000015500ee00, 0x0000000135009800
}

Java Threads: ( => current thread )
=>0x000000015700a000 JavaThread "main" [_thread_in_Java, id=5891, stack(0x000000016d23c000,0x000000016d43f000)]
  0x0000000156011c00 JavaThread "Reference Handler" daemon [_thread_blocked, id=15875, stack(0x000000016e090000,0x000000016e293000)]
  0x0000000156008600 JavaThread "Finalizer" daemon [_thread_blocked, id=16131, stack(0x000000016e29c000,0x000000016e49f000)]
  0x000000012e810200 JavaThread "Signal Dispatcher" daemon [_thread_blocked, id=42755, stack(0x000000016e5c0000,0x000000016e7c3000)]
  0x0000000135008600 JavaThread "Service Thread" daemon [_thread_blocked, id=42243, stack(0x000000016e7cc000,0x000000016e9cf000)]
  0x0000000135008c00 JavaThread "Monitor Deflation Thread" daemon [_thread_blocked, id=22787, stack(0x000000016e9d8000,0x000000016ebdb000)]
  0x0000000135009200 JavaThread "C2 CompilerThread0" daemon [_thread_blocked, id=23299, stack(0x000000016ebe4000,0x000000016ede7000)]
  0x000000012b877800 JavaThread "C1 CompilerThread0" daemon [_thread_blocked, id=41731, stack(0x000000016edf0000,0x000000016eff3000)]
  0x000000012b877e00 JavaThread "Sweeper thread" daemon [_thread_blocked, id=23811, stack(0x000000016effc000,0x000000016f1ff000)]
  0x000000012e828800 JavaThread "Notification Thread" daemon [_thread_blocked, id=24067, stack(0x000000016f208000,0x000000016f40b000)]
  0x000000015500ee00 JavaThread "Common-Cleaner" daemon [_thread_blocked, id=24835, stack(0x000000016f620000,0x000000016f823000)]
  0x0000000135009800 JavaThread "C2 CompilerThread1" daemon [_thread_blocked, id=40963, stack(0x000000016f82c000,0x000000016fa2f000)]

Other Threads:
  0x0000000155b19fc0 VMThread "VM Thread" [stack: 0x000000016de84000,0x000000016e087000] [id=15619]
  0x0000000107a10ea0 WatcherThread [stack: 0x000000016f414000,0x000000016f617000] [id=41219]
  0x0000000155a0f090 GCTaskThread "GC Thread#0" [stack: 0x000000016d448000,0x000000016d64b000] [id=19971]
  0x000000015590b500 ConcurrentGCThread "G1 Main Marker" [stack: 0x000000016d654000,0x000000016d857000] [id=12803]
  0x000000015590c3d0 ConcurrentGCThread "G1 Conc#0" [stack: 0x000000016d860000,0x000000016da63000] [id=13315]
  0x0000000155824ae0 ConcurrentGCThread "G1 Refine#0" [stack: 0x000000016da6c000,0x000000016dc6f000] [id=18947]
  0x0000000155b0e910 ConcurrentGCThread "G1 Service" [stack: 0x000000016dc78000,0x000000016de7b000] [id=14083]

Threads with active compile tasks:

VM state: not at safepoint (normal execution)

VM Mutex/Monitor currently owned by a thread: None

Heap address: 0x00000006c0000000, size: 4096 MB, Compressed Oops mode: Zero based, Oop shift amount: 3
Compressed class space mapped at: 0x0000000300000000-0x0000000340000000, reserved size: 1073741824
Narrow klass base: 0x0000000000000000, Narrow klass shift: 3, Narrow klass range: 0x340000000

GC Precious Log:
 CPUs: 8 total, 8 available
 Memory: 16384M
 Large Page Support: Disabled
 NUMA Support: Disabled
 Compressed Oops: Enabled (Zero based)
 Heap Region Size: 2M
 Heap Min Capacity: 8M
 Heap Initial Capacity: 256M
 Heap Max Capacity: 4G
 Pre-touch: Disabled
 Parallel Workers: 8
 Concurrent Workers: 2
 Concurrent Refinement Workers: 8
 Periodic GC: Disabled

Heap:
 garbage-first heap   total 262144K, used 0K [0x00000006c0000000, 0x00000007c0000000)
  region size 2048K, 2 young (4096K), 0 survivors (0K)
 Metaspace       used 5919K, committed 6016K, reserved 1056768K
  class space    used 478K, committed 512K, reserved 1048576K

Heap Regions: E=young(eden), S=young(survivor), O=old, HS=humongous(starts), HC=humongous(continues), CS=collection set, F=free, OA=open archive, CA=closed archive, TAMS=top-at-mark-start (previous, next)
|   0|0x00000006c0000000, 0x00000006c0000000, 0x00000006c0200000|  0%| F|  |TAMS 0x00000006c0000000, 0x00000006c0000000| Untracked 
|   1|0x00000006c0200000, 0x00000006c0200000, 0x00000006c0400000|  0%| F|  |TAMS 0x00000006c0200000, 0x00000006c0200000| Untracked 
|   2|0x00000006c0400000, 0x00000006c0400000, 0x00000006c0600000|  0%| F|  |TAMS 0x00000006c0400000, 0x00000006c0400000| Untracked 
|   3|0x00000006c0600000, 0x00000006c0600000, 0x00000006c0800000|  0%| F|  |TAMS 0x00000006c0600000, 0x00000006c0600000| Untracked 
|   4|0x00000006c0800000, 0x00000006c0800000, 0x00000006c0a00000|  0%| F|  |TAMS 0x00000006c0800000, 0x00000006c0800000| Untracked 
|   5|0x00000006c0a00000, 0x00000006c0a00000, 0x00000006c0c00000|  0%| F|  |TAMS 0x00000006c0a00000, 0x00000006c0a00000| Untracked 
|   6|0x00000006c0c00000, 0x00000006c0c00000, 0x00000006c0e00000|  0%| F|  |TAMS 0x00000006c0c00000, 0x00000006c0c00000| Untracked 
|   7|0x00000006c0e00000, 0x00000006c0e00000, 0x00000006c1000000|  0%| F|  |TAMS 0x00000006c0e00000, 0x00000006c0e00000| Untracked 
|   8|0x00000006c1000000, 0x00000006c1000000, 0x00000006c1200000|  0%| F|  |TAMS 0x00000006c1000000, 0x00000006c1000000| Untracked 
|   9|0x00000006c1200000, 0x00000006c1200000, 0x00000006c1400000|  0%| F|  |TAMS 0x00000006c1200000, 0x00000006c1200000| Untracked 
|  10|0x00000006c1400000, 0x00000006c1400000, 0x00000006c1600000|  0%| F|  |TAMS 0x00000006c1400000, 0x00000006c1400000| Untracked 
|  11|0x00000006c1600000, 0x00000006c1600000, 0x00000006c1800000|  0%| F|  |TAMS 0x00000006c1600000, 0x00000006c1600000| Untracked 
|  12|0x00000006c1800000, 0x00000006c1800000, 0x00000006c1a00000|  0%| F|  |TAMS 0x00000006c1800000, 0x00000006c1800000| Untracked 
|  13|0x00000006c1a00000, 0x00000006c1a00000, 0x00000006c1c00000|  0%| F|  |TAMS 0x00000006c1a00000, 0x00000006c1a00000| Untracked 
|  14|0x00000006c1c00000, 0x00000006c1c00000, 0x00000006c1e00000|  0%| F|  |TAMS 0x00000006c1c00000, 0x00000006c1c00000| Untracked 
|  15|0x00000006c1e00000, 0x00000006c1e00000, 0x00000006c2000000|  0%| F|  |TAMS 0x00000006c1e00000, 0x00000006c1e00000| Untracked 
|  16|0x00000006c2000000, 0x00000006c2000000, 0x00000006c2200000|  0%| F|  |TAMS 0x00000006c2000000, 0x00000006c2000000| Untracked 
|  17|0x00000006c2200000, 0x00000006c2200000, 0x00000006c2400000|  0%| F|  |TAMS 0x00000006c2200000, 0x00000006c2200000| Untracked 
|  18|0x00000006c2400000, 0x00000006c2400000, 0x00000006c2600000|  0%| F|  |TAMS 0x00000006c2400000, 0x00000006c2400000| Untracked 
|  19|0x00000006c2600000, 0x00000006c2600000, 0x00000006c2800000|  0%| F|  |TAMS 0x00000006c2600000, 0x00000006c2600000| Untracked 
|  20|0x00000006c2800000, 0x00000006c2800000, 0x00000006c2a00000|  0%| F|  |TAMS 0x00000006c2800000, 0x00000006c2800000| Untracked 
|  21|0x00000006c2a00000, 0x00000006c2a00000, 0x00000006c2c00000|  0%| F|  |TAMS 0x00000006c2a00000, 0x00000006c2a00000| Untracked 
|  22|0x00000006c2c00000, 0x00000006c2c00000, 0x00000006c2e00000|  0%| F|  |TAMS 0x00000006c2c00000, 0x00000006c2c00000| Untracked 
|  23|0x00000006c2e00000, 0x00000006c2e00000, 0x00000006c3000000|  0%| F|  |TAMS 0x00000006c2e00000, 0x00000006c2e00000| Untracked 
|  24|0x00000006c3000000, 0x00000006c3000000, 0x00000006c3200000|  0%| F|  |TAMS 0x00000006c3000000, 0x00000006c3000000| Untracked 
|  25|0x00000006c3200000, 0x00000006c3200000, 0x00000006c3400000|  0%| F|  |TAMS 0x00000006c3200000, 0x00000006c3200000| Untracked 
|  26|0x00000006c3400000, 0x00000006c3400000, 0x00000006c3600000|  0%| F|  |TAMS 0x00000006c3400000, 0x00000006c3400000| Untracked 
|  27|0x00000006c3600000, 0x00000006c3600000, 0x00000006c3800000|  0%| F|  |TAMS 0x00000006c3600000, 0x00000006c3600000| Untracked 
|  28|0x00000006c3800000, 0x00000006c3800000, 0x00000006c3a00000|  0%| F|  |TAMS 0x00000006c3800000, 0x00000006c3800000| Untracked 
|  29|0x00000006c3a00000, 0x00000006c3a00000, 0x00000006c3c00000|  0%| F|  |TAMS 0x00000006c3a00000, 0x00000006c3a00000| Untracked 
|  30|0x00000006c3c00000, 0x00000006c3c00000, 0x00000006c3e00000|  0%| F|  |TAMS 0x00000006c3c00000, 0x00000006c3c00000| Untracked 
|  31|0x00000006c3e00000, 0x00000006c3e00000, 0x00000006c4000000|  0%| F|  |TAMS 0x00000006c3e00000, 0x00000006c3e00000| Untracked 
|  32|0x00000006c4000000, 0x00000006c4000000, 0x00000006c4200000|  0%| F|  |TAMS 0x00000006c4000000, 0x00000006c4000000| Untracked 
|  33|0x00000006c4200000, 0x00000006c4200000, 0x00000006c4400000|  0%| F|  |TAMS 0x00000006c4200000, 0x00000006c4200000| Untracked 
|  34|0x00000006c4400000, 0x00000006c4400000, 0x00000006c4600000|  0%| F|  |TAMS 0x00000006c4400000, 0x00000006c4400000| Untracked 
|  35|0x00000006c4600000, 0x00000006c4600000, 0x00000006c4800000|  0%| F|  |TAMS 0x00000006c4600000, 0x00000006c4600000| Untracked 
|  36|0x00000006c4800000, 0x00000006c4800000, 0x00000006c4a00000|  0%| F|  |TAMS 0x00000006c4800000, 0x00000006c4800000| Untracked 
|  37|0x00000006c4a00000, 0x00000006c4a00000, 0x00000006c4c00000|  0%| F|  |TAMS 0x00000006c4a00000, 0x00000006c4a00000| Untracked 
|  38|0x00000006c4c00000, 0x00000006c4c00000, 0x00000006c4e00000|  0%| F|  |TAMS 0x00000006c4c00000, 0x00000006c4c00000| Untracked 
|  39|0x00000006c4e00000, 0x00000006c4e00000, 0x00000006c5000000|  0%| F|  |TAMS 0x00000006c4e00000, 0x00000006c4e00000| Untracked 
|  40|0x00000006c5000000, 0x00000006c5000000, 0x00000006c5200000|  0%| F|  |TAMS 0x00000006c5000000, 0x00000006c5000000| Untracked 
|  41|0x00000006c5200000, 0x00000006c5200000, 0x00000006c5400000|  0%| F|  |TAMS 0x00000006c5200000, 0x00000006c5200000| Untracked 
|  42|0x00000006c5400000, 0x00000006c5400000, 0x00000006c5600000|  0%| F|  |TAMS 0x00000006c5400000, 0x00000006c5400000| Untracked 
|  43|0x00000006c5600000, 0x00000006c5600000, 0x00000006c5800000|  0%| F|  |TAMS 0x00000006c5600000, 0x00000006c5600000| Untracked 
|  44|0x00000006c5800000, 0x00000006c5800000, 0x00000006c5a00000|  0%| F|  |TAMS 0x00000006c5800000, 0x00000006c5800000| Untracked 
|  45|0x00000006c5a00000, 0x00000006c5a00000, 0x00000006c5c00000|  0%| F|  |TAMS 0x00000006c5a00000, 0x00000006c5a00000| Untracked 
|  46|0x00000006c5c00000, 0x00000006c5c00000, 0x00000006c5e00000|  0%| F|  |TAMS 0x00000006c5c00000, 0x00000006c5c00000| Untracked 
|  47|0x00000006c5e00000, 0x00000006c5e00000, 0x00000006c6000000|  0%| F|  |TAMS 0x00000006c5e00000, 0x00000006c5e00000| Untracked 
|  48|0x00000006c6000000, 0x00000006c6000000, 0x00000006c6200000|  0%| F|  |TAMS 0x00000006c6000000, 0x00000006c6000000| Untracked 
|  49|0x00000006c6200000, 0x00000006c6200000, 0x00000006c6400000|  0%| F|  |TAMS 0x00000006c6200000, 0x00000006c6200000| Untracked 
|  50|0x00000006c6400000, 0x00000006c6400000, 0x00000006c6600000|  0%| F|  |TAMS 0x00000006c6400000, 0x00000006c6400000| Untracked 
|  51|0x00000006c6600000, 0x00000006c6600000, 0x00000006c6800000|  0%| F|  |TAMS 0x00000006c6600000, 0x00000006c6600000| Untracked 
|  52|0x00000006c6800000, 0x00000006c6800000, 0x00000006c6a00000|  0%| F|  |TAMS 0x00000006c6800000, 0x00000006c6800000| Untracked 
|  53|0x00000006c6a00000, 0x00000006c6a00000, 0x00000006c6c00000|  0%| F|  |TAMS 0x00000006c6a00000, 0x00000006c6a00000| Untracked 
|  54|0x00000006c6c00000, 0x00000006c6c00000, 0x00000006c6e00000|  0%| F|  |TAMS 0x00000006c6c00000, 0x00000006c6c00000| Untracked 
|  55|0x00000006c6e00000, 0x00000006c6e00000, 0x00000006c7000000|  0%| F|  |TAMS 0x00000006c6e00000, 0x00000006c6e00000| Untracked 
|  56|0x00000006c7000000, 0x00000006c7000000, 0x00000006c7200000|  0%| F|  |TAMS 0x00000006c7000000, 0x00000006c7000000| Untracked 
|  57|0x00000006c7200000, 0x00000006c7200000, 0x00000006c7400000|  0%| F|  |TAMS 0x00000006c7200000, 0x00000006c7200000| Untracked 
|  58|0x00000006c7400000, 0x00000006c7400000, 0x00000006c7600000|  0%| F|  |TAMS 0x00000006c7400000, 0x00000006c7400000| Untracked 
|  59|0x00000006c7600000, 0x00000006c7600000, 0x00000006c7800000|  0%| F|  |TAMS 0x00000006c7600000, 0x00000006c7600000| Untracked 
|  60|0x00000006c7800000, 0x00000006c7800000, 0x00000006c7a00000|  0%| F|  |TAMS 0x00000006c7800000, 0x00000006c7800000| Untracked 
|  61|0x00000006c7a00000, 0x00000006c7a00000, 0x00000006c7c00000|  0%| F|  |TAMS 0x00000006c7a00000, 0x00000006c7a00000| Untracked 
|  62|0x00000006c7c00000, 0x00000006c7c00000, 0x00000006c7e00000|  0%| F|  |TAMS 0x00000006c7c00000, 0x00000006c7c00000| Untracked 
|  63|0x00000006c7e00000, 0x00000006c7e00000, 0x00000006c8000000|  0%| F|  |TAMS 0x00000006c7e00000, 0x00000006c7e00000| Untracked 
|  64|0x00000006c8000000, 0x00000006c8000000, 0x00000006c8200000|  0%| F|  |TAMS 0x00000006c8000000, 0x00000006c8000000| Untracked 
|  65|0x00000006c8200000, 0x00000006c8200000, 0x00000006c8400000|  0%| F|  |TAMS 0x00000006c8200000, 0x00000006c8200000| Untracked 
|  66|0x00000006c8400000, 0x00000006c8400000, 0x00000006c8600000|  0%| F|  |TAMS 0x00000006c8400000, 0x00000006c8400000| Untracked 
|  67|0x00000006c8600000, 0x00000006c8600000, 0x00000006c8800000|  0%| F|  |TAMS 0x00000006c8600000, 0x00000006c8600000| Untracked 
|  68|0x00000006c8800000, 0x00000006c8800000, 0x00000006c8a00000|  0%| F|  |TAMS 0x00000006c8800000, 0x00000006c8800000| Untracked 
|  69|0x00000006c8a00000, 0x00000006c8a00000, 0x00000006c8c00000|  0%| F|  |TAMS 0x00000006c8a00000, 0x00000006c8a00000| Untracked 
|  70|0x00000006c8c00000, 0x00000006c8c00000, 0x00000006c8e00000|  0%| F|  |TAMS 0x00000006c8c00000, 0x00000006c8c00000| Untracked 
|  71|0x00000006c8e00000, 0x00000006c8e00000, 0x00000006c9000000|  0%| F|  |TAMS 0x00000006c8e00000, 0x00000006c8e00000| Untracked 
|  72|0x00000006c9000000, 0x00000006c9000000, 0x00000006c9200000|  0%| F|  |TAMS 0x00000006c9000000, 0x00000006c9000000| Untracked 
|  73|0x00000006c9200000, 0x00000006c9200000, 0x00000006c9400000|  0%| F|  |TAMS 0x00000006c9200000, 0x00000006c9200000| Untracked 
|  74|0x00000006c9400000, 0x00000006c9400000, 0x00000006c9600000|  0%| F|  |TAMS 0x00000006c9400000, 0x00000006c9400000| Untracked 
|  75|0x00000006c9600000, 0x00000006c9600000, 0x00000006c9800000|  0%| F|  |TAMS 0x00000006c9600000, 0x00000006c9600000| Untracked 
|  76|0x00000006c9800000, 0x00000006c9800000, 0x00000006c9a00000|  0%| F|  |TAMS 0x00000006c9800000, 0x00000006c9800000| Untracked 
|  77|0x00000006c9a00000, 0x00000006c9a00000, 0x00000006c9c00000|  0%| F|  |TAMS 0x00000006c9a00000, 0x00000006c9a00000| Untracked 
|  78|0x00000006c9c00000, 0x00000006c9c00000, 0x00000006c9e00000|  0%| F|  |TAMS 0x00000006c9c00000, 0x00000006c9c00000| Untracked 
|  79|0x00000006c9e00000, 0x00000006c9e00000, 0x00000006ca000000|  0%| F|  |TAMS 0x00000006c9e00000, 0x00000006c9e00000| Untracked 
|  80|0x00000006ca000000, 0x00000006ca000000, 0x00000006ca200000|  0%| F|  |TAMS 0x00000006ca000000, 0x00000006ca000000| Untracked 
|  81|0x00000006ca200000, 0x00000006ca200000, 0x00000006ca400000|  0%| F|  |TAMS 0x00000006ca200000, 0x00000006ca200000| Untracked 
|  82|0x00000006ca400000, 0x00000006ca400000, 0x00000006ca600000|  0%| F|  |TAMS 0x00000006ca400000, 0x00000006ca400000| Untracked 
|  83|0x00000006ca600000, 0x00000006ca600000, 0x00000006ca800000|  0%| F|  |TAMS 0x00000006ca600000, 0x00000006ca600000| Untracked 
|  84|0x00000006ca800000, 0x00000006ca800000, 0x00000006caa00000|  0%| F|  |TAMS 0x00000006ca800000, 0x00000006ca800000| Untracked 
|  85|0x00000006caa00000, 0x00000006caa00000, 0x00000006cac00000|  0%| F|  |TAMS 0x00000006caa00000, 0x00000006caa00000| Untracked 
|  86|0x00000006cac00000, 0x00000006cac00000, 0x00000006cae00000|  0%| F|  |TAMS 0x00000006cac00000, 0x00000006cac00000| Untracked 
|  87|0x00000006cae00000, 0x00000006cae00000, 0x00000006cb000000|  0%| F|  |TAMS 0x00000006cae00000, 0x00000006cae00000| Untracked 
|  88|0x00000006cb000000, 0x00000006cb000000, 0x00000006cb200000|  0%| F|  |TAMS 0x00000006cb000000, 0x00000006cb000000| Untracked 
|  89|0x00000006cb200000, 0x00000006cb200000, 0x00000006cb400000|  0%| F|  |TAMS 0x00000006cb200000, 0x00000006cb200000| Untracked 
|  90|0x00000006cb400000, 0x00000006cb400000, 0x00000006cb600000|  0%| F|  |TAMS 0x00000006cb400000, 0x00000006cb400000| Untracked 
|  91|0x00000006cb600000, 0x00000006cb600000, 0x00000006cb800000|  0%| F|  |TAMS 0x00000006cb600000, 0x00000006cb600000| Untracked 
|  92|0x00000006cb800000, 0x00000006cb800000, 0x00000006cba00000|  0%| F|  |TAMS 0x00000006cb800000, 0x00000006cb800000| Untracked 
|  93|0x00000006cba00000, 0x00000006cba00000, 0x00000006cbc00000|  0%| F|  |TAMS 0x00000006cba00000, 0x00000006cba00000| Untracked 
|  94|0x00000006cbc00000, 0x00000006cbc00000, 0x00000006cbe00000|  0%| F|  |TAMS 0x00000006cbc00000, 0x00000006cbc00000| Untracked 
|  95|0x00000006cbe00000, 0x00000006cbe00000, 0x00000006cc000000|  0%| F|  |TAMS 0x00000006cbe00000, 0x00000006cbe00000| Untracked 
|  96|0x00000006cc000000, 0x00000006cc000000, 0x00000006cc200000|  0%| F|  |TAMS 0x00000006cc000000, 0x00000006cc000000| Untracked 
|  97|0x00000006cc200000, 0x00000006cc200000, 0x00000006cc400000|  0%| F|  |TAMS 0x00000006cc200000, 0x00000006cc200000| Untracked 
|  98|0x00000006cc400000, 0x00000006cc400000, 0x00000006cc600000|  0%| F|  |TAMS 0x00000006cc400000, 0x00000006cc400000| Untracked 
|  99|0x00000006cc600000, 0x00000006cc600000, 0x00000006cc800000|  0%| F|  |TAMS 0x00000006cc600000, 0x00000006cc600000| Untracked 
| 100|0x00000006cc800000, 0x00000006cc800000, 0x00000006cca00000|  0%| F|  |TAMS 0x00000006cc800000, 0x00000006cc800000| Untracked 
| 101|0x00000006cca00000, 0x00000006cca00000, 0x00000006ccc00000|  0%| F|  |TAMS 0x00000006cca00000, 0x00000006cca00000| Untracked 
| 102|0x00000006ccc00000, 0x00000006ccc00000, 0x00000006cce00000|  0%| F|  |TAMS 0x00000006ccc00000, 0x00000006ccc00000| Untracked 
| 103|0x00000006cce00000, 0x00000006cce00000, 0x00000006cd000000|  0%| F|  |TAMS 0x00000006cce00000, 0x00000006cce00000| Untracked 
| 104|0x00000006cd000000, 0x00000006cd000000, 0x00000006cd200000|  0%| F|  |TAMS 0x00000006cd000000, 0x00000006cd000000| Untracked 
| 105|0x00000006cd200000, 0x00000006cd200000, 0x00000006cd400000|  0%| F|  |TAMS 0x00000006cd200000, 0x00000006cd200000| Untracked 
| 106|0x00000006cd400000, 0x00000006cd400000, 0x00000006cd600000|  0%| F|  |TAMS 0x00000006cd400000, 0x00000006cd400000| Untracked 
| 107|0x00000006cd600000, 0x00000006cd600000, 0x00000006cd800000|  0%| F|  |TAMS 0x00000006cd600000, 0x00000006cd600000| Untracked 
| 108|0x00000006cd800000, 0x00000006cd800000, 0x00000006cda00000|  0%| F|  |TAMS 0x00000006cd800000, 0x00000006cd800000| Untracked 
| 109|0x00000006cda00000, 0x00000006cda00000, 0x00000006cdc00000|  0%| F|  |TAMS 0x00000006cda00000, 0x00000006cda00000| Untracked 
| 110|0x00000006cdc00000, 0x00000006cdc00000, 0x00000006cde00000|  0%| F|  |TAMS 0x00000006cdc00000, 0x00000006cdc00000| Untracked 
| 111|0x00000006cde00000, 0x00000006cde00000, 0x00000006ce000000|  0%| F|  |TAMS 0x00000006cde00000, 0x00000006cde00000| Untracked 
| 112|0x00000006ce000000, 0x00000006ce000000, 0x00000006ce200000|  0%| F|  |TAMS 0x00000006ce000000, 0x00000006ce000000| Untracked 
| 113|0x00000006ce200000, 0x00000006ce200000, 0x00000006ce400000|  0%| F|  |TAMS 0x00000006ce200000, 0x00000006ce200000| Untracked 
| 114|0x00000006ce400000, 0x00000006ce400000, 0x00000006ce600000|  0%| F|  |TAMS 0x00000006ce400000, 0x00000006ce400000| Untracked 
| 115|0x00000006ce600000, 0x00000006ce600000, 0x00000006ce800000|  0%| F|  |TAMS 0x00000006ce600000, 0x00000006ce600000| Untracked 
| 116|0x00000006ce800000, 0x00000006ce800000, 0x00000006cea00000|  0%| F|  |TAMS 0x00000006ce800000, 0x00000006ce800000| Untracked 
| 117|0x00000006cea00000, 0x00000006cea00000, 0x00000006cec00000|  0%| F|  |TAMS 0x00000006cea00000, 0x00000006cea00000| Untracked 
| 118|0x00000006cec00000, 0x00000006cec00000, 0x00000006cee00000|  0%| F|  |TAMS 0x00000006cec00000, 0x00000006cec00000| Untracked 
| 119|0x00000006cee00000, 0x00000006cee00000, 0x00000006cf000000|  0%| F|  |TAMS 0x00000006cee00000, 0x00000006cee00000| Untracked 
| 120|0x00000006cf000000, 0x00000006cf000000, 0x00000006cf200000|  0%| F|  |TAMS 0x00000006cf000000, 0x00000006cf000000| Untracked 
| 121|0x00000006cf200000, 0x00000006cf200000, 0x00000006cf400000|  0%| F|  |TAMS 0x00000006cf200000, 0x00000006cf200000| Untracked 
| 122|0x00000006cf400000, 0x00000006cf400000, 0x00000006cf600000|  0%| F|  |TAMS 0x00000006cf400000, 0x00000006cf400000| Untracked 
| 123|0x00000006cf600000, 0x00000006cf600000, 0x00000006cf800000|  0%| F|  |TAMS 0x00000006cf600000, 0x00000006cf600000| Untracked 
| 124|0x00000006cf800000, 0x00000006cf800000, 0x00000006cfa00000|  0%| F|  |TAMS 0x00000006cf800000, 0x00000006cf800000| Untracked 
| 125|0x00000006cfa00000, 0x00000006cfa00000, 0x00000006cfc00000|  0%| F|  |TAMS 0x00000006cfa00000, 0x00000006cfa00000| Untracked 
| 126|0x00000006cfc00000, 0x00000006cfdbb8e8, 0x00000006cfe00000| 86%| E|  |TAMS 0x00000006cfc00000, 0x00000006cfc00000| Complete 
| 127|0x00000006cfe00000, 0x00000006d0000000, 0x00000006d0000000|100%| E|  |TAMS 0x00000006cfe00000, 0x00000006cfe00000| Complete 

Card table byte_map: [0x0000000120668000,0x0000000120e68000] _byte_map_base: 0x000000011d068000

Marking Bits (Prev, Next): (CMBitMap*) 0x000000015681ba10, (CMBitMap*) 0x000000015681ba50
 Prev Bits: [0x0000000121668000, 0x0000000125668000)
 Next Bits: [0x0000000125668000, 0x0000000129668000)

Polling page: 0x0000000102cd0000

Metaspace:

Usage:
  Non-class:      5.31 MB used.
      Class:    478.91 KB used.
       Both:      5.78 MB used.

Virtual space:
  Non-class space:        8.00 MB reserved,       5.38 MB ( 67%) committed,  1 nodes.
      Class space:        1.00 GB reserved,     512.00 KB ( <1%) committed,  1 nodes.
              Both:        1.01 GB reserved,       5.88 MB ( <1%) committed. 

Chunk freelists:
   Non-Class:  2.41 MB
       Class:  3.52 MB
        Both:  5.92 MB

MaxMetaspaceSize: 17179869184.00 GB
CompressedClassSpaceSize: 1.00 GB
 - commit_granule_bytes: 65536.
 - commit_granule_words: 8192.
 - virtual_space_node_default_size: 1048576.
 - enlarge_chunks_in_place: 1.
 - new_chunks_are_fully_committed: 0.
 - uncommit_free_chunks: 1.
 - use_allocation_guard: 0.
 - handle_deallocations: 1.


Internal statistics:

num_allocs_failed_limit: 0.
num_arena_births: 18.
num_arena_deaths: 0.
num_vsnodes_births: 2.
num_vsnodes_deaths: 0.
num_space_committed: 94.
num_space_uncommitted: 0.
num_chunks_returned_to_freelist: 0.
num_chunks_taken_from_freelist: 31.
num_chunk_merges: 0.
num_chunk_splits: 16.
num_chunks_enlarged: 8.
num_purges: 0.

CodeHeap 'non-profiled nmethods': size=120032Kb used=36Kb max_used=36Kb free=119995Kb
 bounds [0x0000000119130000, 0x00000001193a0000, 0x0000000120668000]
CodeHeap 'profiled nmethods': size=120016Kb used=150Kb max_used=150Kb free=119865Kb
 bounds [0x0000000111bfc000, 0x0000000111e6c000, 0x0000000119130000]
CodeHeap 'non-nmethods': size=5712Kb used=1065Kb max_used=1079Kb free=4646Kb
 bounds [0x0000000111668000, 0x00000001118d8000, 0x0000000111bfc000]
 total_blobs=486 nmethods=125 adapters=278
 compilation: enabled
              stopped_count=0, restarted_count=0
 full_count=0

Compilation events (20 events):
Event: 0.224 Thread 0x000000012b877800 nmethod 112 0x0000000111c1b890 code [0x0000000111c1ba40, 0x0000000111c1bd58]
Event: 0.224 Thread 0x000000012b877800  113       3       jdk.internal.org.objectweb.asm.SymbolTable::hash (10 bytes)
Event: 0.224 Thread 0x000000012b877800 nmethod 113 0x0000000111c1be90 code [0x0000000111c1c040, 0x0000000111c1c198]
Event: 0.224 Thread 0x000000012b877800  114       3       jdk.internal.org.objectweb.asm.ByteVector::putUTF8 (144 bytes)
Event: 0.225 Thread 0x000000012b877800 nmethod 114 0x0000000111c1c290 code [0x0000000111c1c580, 0x0000000111c1d0d8]
Event: 0.226 Thread 0x000000012b877800  116       3       java.lang.String::substring (58 bytes)
Event: 0.226 Thread 0x0000000135009800  118       4       java.lang.String::hashCode (60 bytes)
Event: 0.226 Thread 0x000000012b877800 nmethod 116 0x0000000111c1d610 code [0x0000000111c1d840, 0x0000000111c1ddb8]
Event: 0.226 Thread 0x000000012b877800  119       3       jdk.internal.org.objectweb.asm.Symbol::<init> (38 bytes)
Event: 0.226 Thread 0x000000012b877800 nmethod 119 0x0000000111c1df90 code [0x0000000111c1e140, 0x0000000111c1e3e8]
Event: 0.226 Thread 0x000000012b877800  117       3       java.lang.String::checkBoundsBeginEnd (63 bytes)
Event: 0.227 Thread 0x000000012b877800 nmethod 117 0x0000000111c1e510 code [0x0000000111c1e840, 0x0000000111c1f248]
Event: 0.227 Thread 0x000000012b877800  122       3       java.lang.AbstractStringBuilder::isLatin1 (19 bytes)
Event: 0.227 Thread 0x000000012b877800 nmethod 122 0x0000000111c1f690 code [0x0000000111c1f840, 0x0000000111c1f9e8]
Event: 0.227 Thread 0x000000012b877800  123       3       java.lang.invoke.MemberName::testFlags (16 bytes)
Event: 0.227 Thread 0x000000012b877800 nmethod 123 0x0000000111c1fa90 code [0x0000000111c1fc40, 0x0000000111c1fde8]
Event: 0.228 Thread 0x000000012b877800  124       3       jdk.internal.org.objectweb.asm.SymbolTable::addConstantUtf8 (98 bytes)
Event: 0.229 Thread 0x000000012b877800 nmethod 124 0x0000000111c1fe90 code [0x0000000111c20100, 0x0000000111c207c8]
Event: 0.229 Thread 0x000000012b877800  125       3       jdk.internal.org.objectweb.asm.SymbolTable::put (150 bytes)
Event: 0.229 Thread 0x000000012b877800 nmethod 125 0x0000000111c20b10 code [0x0000000111c20d00, 0x0000000111c21628]

GC Heap History (0 events):
No events

Deoptimization events (0 events):
No events

Classes unloaded (0 events):
No events

Classes redefined (0 events):
No events

Internal exceptions (6 events):
Event: 0.219 Thread 0x000000015700a000 Exception <a 'java/lang/NoSuchMethodError'{0x00000006cffe8038}: 'java.lang.Object java.lang.invoke.DirectMethodHandle$Holder.invokeSpecial(java.lang.Object, java.lang.Object)'> (0x00000006cffe8038) 
thrown [src/hotspot/share/interpreter/linkResolver.cpp, line 790]
Event: 0.222 Thread 0x000000015700a000 Exception <a 'java/lang/NoSuchMethodError'{0x00000006cfff1af8}: 'java.lang.Object java.lang.invoke.Invokers$Holder.invokeExact_MT(java.lang.Object, java.lang.Object, java.lang.Object, java.lang.Object, java.lang.Object, java.lang.Object, java.lang.Object, java.lang.Object)'> (0x00000006cfff1af8) 
thrown [src/hotspot/share/interpreter/linkResolver.cpp, line 790]
Event: 0.226 Thread 0x000000015700a000 Exception <a 'java/lang/NoSuchMethodError'{0x00000006cfffba70}: 'java.lang.Object java.lang.invoke.DirectMethodHandle$Holder.newInvokeSpecial(java.lang.Object, java.lang.Object)'> (0x00000006cfffba70) 
thrown [src/hotspot/share/interpreter/linkResolver.cpp, line 790]
Event: 0.226 Thread 0x000000015700a000 Exception <a 'java/lang/NoSuchMethodError'{0x00000006cffffac8}: 'java.lang.Object java.lang.invoke.DirectMethodHandle$Holder.invokeSpecial(java.lang.Object, java.lang.Object, java.lang.Object)'> (0x00000006cffffac8) 
thrown [src/hotspot/share/interpreter/linkResolver.cpp, line 790]
Event: 0.227 Thread 0x000000015700a000 Exception <a 'java/lang/NoSuchMethodError'{0x00000006cfd4e948}: 'java.lang.Object java.lang.invoke.Invokers$Holder.linkToTargetMethod(java.lang.Object, java.lang.Object)'> (0x00000006cfd4e948) 
thrown [src/hotspot/share/interpreter/linkResolver.cpp, line 790]
Event: 0.229 Thread 0x000000015700a000 Exception <a 'java/lang/ClassNotFoundException'{0x00000006cfd52288}: sun/awt/resources/spi/awtProvider> (0x00000006cfd52288) 
thrown [src/hotspot/share/classfile/systemDictionary.cpp, line 256]

Events (20 events):
Event: 0.225 loading class jdk/internal/org/objectweb/asm/ClassReader
Event: 0.225 loading class jdk/internal/org/objectweb/asm/ClassReader done
Event: 0.226 loading class java/lang/invoke/DirectMethodHandle$Constructor
Event: 0.226 loading class java/lang/invoke/DirectMethodHandle$Constructor done
Event: 0.229 loading class java/util/ResourceBundle$CacheKey
Event: 0.229 loading class java/util/ResourceBundle$CacheKey done
Event: 0.229 loading class java/util/ResourceBundle$KeyElementReference
Event: 0.229 loading class java/util/ResourceBundle$CacheKeyReference
Event: 0.229 loading class java/util/ResourceBundle$CacheKeyReference done
Event: 0.229 loading class java/util/ResourceBundle$KeyElementReference done
Event: 0.229 loading class java/util/LinkedList
Event: 0.229 loading class java/util/AbstractSequentialList
Event: 0.229 loading class java/util/AbstractSequentialList done
Event: 0.229 loading class java/util/LinkedList done
Event: 0.229 loading class java/util/LinkedList$Node
Event: 0.229 loading class java/util/LinkedList$Node done
Event: 0.229 loading class sun/util/locale/LocaleObjectCache$CacheEntry
Event: 0.229 loading class sun/util/locale/LocaleObjectCache$CacheEntry done
Event: 0.229 loading class java/util/ResourceBundle$3
Event: 0.229 loading class java/util/ResourceBundle$3 done


Dynamic libraries:
0x0000000102c84000 	/Library/Java/JavaVirtualMachines/zulu-16.jdk/Contents/Home/lib/libjli.dylib
0x0000000190285000 	/usr/lib/libz.1.dylib
0x000000019033c000 	/usr/lib/libSystem.B.dylib
0x0000000190336000 	/usr/lib/system/libcache.dylib
0x00000001902f4000 	/usr/lib/system/libcommonCrypto.dylib
0x000000019031d000 	/usr/lib/system/libcompiler_rt.dylib
0x0000000190314000 	/usr/lib/system/libcopyfile.dylib
0x000000018555b000 	/usr/lib/system/libcorecrypto.dylib
0x0000000185610000 	/usr/lib/system/libdispatch.dylib
0x00000001857de000 	/usr/lib/system/libdyld.dylib
0x000000019032c000 	/usr/lib/system/libkeymgr.dylib
0x00000001902cf000 	/usr/lib/system/libmacho.dylib
0x000000018f9bf000 	/usr/lib/system/libquarantine.dylib
0x0000000190329000 	/usr/lib/system/libremovefile.dylib
0x000000018a956000 	/usr/lib/system/libsystem_asl.dylib
0x00000001854fd000 	/usr/lib/system/libsystem_blocks.dylib
0x0000000185698000 	/usr/lib/system/libsystem_c.dylib
0x0000000190321000 	/usr/lib/system/libsystem_collections.dylib
0x000000018ee54000 	/usr/lib/system/libsystem_configuration.dylib
0x000000018e0ae000 	/usr/lib/system/libsystem_containermanager.dylib
0x000000019002c000 	/usr/lib/system/libsystem_coreservices.dylib
0x0000000187f0f000 	/usr/lib/system/libsystem_darwin.dylib
0x000000019032d000 	/usr/lib/system/libsystem_dnssd.dylib
0x0000000185695000 	/usr/lib/system/libsystem_featureflags.dylib
0x00000001857f3000 	/usr/lib/system/libsystem_info.dylib
0x0000000190297000 	/usr/lib/system/libsystem_m.dylib
0x00000001855e5000 	/usr/lib/system/libsystem_malloc.dylib
0x000000018a8e4000 	/usr/lib/system/libsystem_networkextension.dylib
0x0000000188368000 	/usr/lib/system/libsystem_notify.dylib
0x0000000196691000 	/usr/lib/system/libsystem_product_info_filter.dylib
0x000000018ee59000 	/usr/lib/system/libsystem_sandbox.dylib
0x0000000190326000 	/usr/lib/system/libsystem_secinit.dylib
0x0000000185799000 	/usr/lib/system/libsystem_kernel.dylib
0x00000001857eb000 	/usr/lib/system/libsystem_platform.dylib
0x00000001857d1000 	/usr/lib/system/libsystem_pthread.dylib
0x000000018c0ba000 	/usr/lib/system/libsystem_symptoms.dylib
0x0000000185541000 	/usr/lib/system/libsystem_trace.dylib
0x0000000190301000 	/usr/lib/system/libunwind.dylib
0x00000001854ff000 	/usr/lib/system/libxpc.dylib
0x0000000185781000 	/usr/lib/libc++abi.dylib
0x0000000185657000 	/usr/lib/libobjc.A.dylib
0x000000019030c000 	/usr/lib/liboah.dylib
0x000000018571a000 	/usr/lib/libc++.1.dylib
0x000000019c1bf000 	/System/Library/Frameworks/Cocoa.framework/Versions/A/Cocoa
0x00000001883c9000 	/System/Library/Frameworks/AppKit.framework/Versions/C/AppKit
0x000000018b8e0000 	/System/Library/Frameworks/CoreData.framework/Versions/A/CoreData
0x0000000186724000 	/System/Library/Frameworks/Foundation.framework/Versions/C/Foundation
0x0000000189282000 	/System/Library/PrivateFrameworks/UIFoundation.framework/Versions/A/UIFoundation
0x000000019638b000 	/System/Library/PrivateFrameworks/RemoteViewServices.framework/Versions/A/RemoteViewServices
0x000000018e7fc000 	/System/Library/PrivateFrameworks/XCTTargetBootstrap.framework/Versions/A/XCTTargetBootstrap
0x000000019207c000 	/System/Library/PrivateFrameworks/InternationalSupport.framework/Versions/A/InternationalSupport
0x0000000192105000 	/System/Library/PrivateFrameworks/UserActivity.framework/Versions/A/UserActivity
0x0000000191573000 	/usr/lib/libspindump.dylib
0x00000001894f3000 	/System/Library/Frameworks/UniformTypeIdentifiers.framework/Versions/A/UniformTypeIdentifiers
0x000000018cd44000 	/usr/lib/libapp_launch_measurement.dylib
0x000000018c26c000 	/System/Library/PrivateFrameworks/CoreAnalytics.framework/Versions/A/CoreAnalytics
0x000000018cd47000 	/System/Library/PrivateFrameworks/CoreAutoLayout.framework/Versions/A/CoreAutoLayout
0x000000018e0eb000 	/System/Library/Frameworks/Metal.framework/Versions/A/Metal
0x000000018ee64000 	/usr/lib/liblangid.dylib
0x000000018e801000 	/System/Library/PrivateFrameworks/CoreSVG.framework/Versions/A/CoreSVG
0x000000018a98a000 	/System/Library/PrivateFrameworks/SkyLight.framework/Versions/A/SkyLight
0x000000018ad66000 	/System/Library/Frameworks/CoreGraphics.framework/Versions/A/CoreGraphics
0x0000000196a57000 	/System/Library/Frameworks/Accelerate.framework/Versions/A/Accelerate
0x0000000190fea000 	/System/Library/PrivateFrameworks/IconServices.framework/Versions/A/IconServices
0x000000018e0cd000 	/System/Library/Frameworks/IOSurface.framework/Versions/A/IOSurface
0x000000018c29d000 	/usr/lib/libDiagnosticMessagesClient.dylib
0x0000000199f5c000 	/System/Library/Frameworks/ApplicationServices.framework/Versions/A/ApplicationServices
0x000000018e7e4000 	/System/Library/PrivateFrameworks/DFRFoundation.framework/Versions/A/DFRFoundation
0x0000000187c59000 	/usr/lib/libicucore.A.dylib
0x0000000192f2a000 	/System/Library/Frameworks/AudioToolbox.framework/Versions/A/AudioToolbox
0x0000000192088000 	/System/Library/PrivateFrameworks/DataDetectorsCore.framework/Versions/A/DataDetectorsCore
0x00000001a8aa8000 	/System/Library/PrivateFrameworks/TextInput.framework/Versions/A/TextInput
0x000000018a8ff000 	/usr/lib/libMobileGestalt.dylib
0x000000018e4b0000 	/System/Library/Frameworks/Carbon.framework/Versions/A/Frameworks/HIToolbox.framework/Versions/A/HIToolbox
0x000000018c71d000 	/System/Library/Frameworks/QuartzCore.framework/Versions/A/QuartzCore
0x00000001878da000 	/System/Library/Frameworks/Security.framework/Versions/A/Security
0x00000001963cb000 	/System/Library/Frameworks/Carbon.framework/Versions/A/Frameworks/SpeechRecognition.framework/Versions/A/SpeechRecognition
0x000000018ca99000 	/System/Library/PrivateFrameworks/CoreUI.framework/Versions/A/CoreUI
0x00000001871b6000 	/System/Library/Frameworks/CoreAudio.framework/Versions/A/CoreAudio
0x000000018c391000 	/System/Library/Frameworks/DiskArbitration.framework/Versions/A/DiskArbitration
0x000000019197d000 	/System/Library/PrivateFrameworks/MultitouchSupport.framework/Versions/A/MultitouchSupport
0x000000018a8fd000 	/usr/lib/libenergytrace.dylib
0x0000000188291000 	/System/Library/Frameworks/IOKit.framework/Versions/A/IOKit
0x00000001967ba000 	/System/Library/Frameworks/CoreServices.framework/Versions/A/CoreServices
0x000000018ccd4000 	/System/Library/PrivateFrameworks/PerformanceAnalysis.framework/Versions/A/PerformanceAnalysis
0x00000001e6f53000 	/System/Library/Frameworks/OpenGL.framework/Versions/A/OpenGL
0x000000018f8d7000 	/System/Library/PrivateFrameworks/MobileKeyBag.framework/Versions/A/MobileKeyBag
0x000000018b374000 	/System/Library/Frameworks/ColorSync.framework/Versions/A/ColorSync
0x0000000185820000 	/System/Library/Frameworks/CoreFoundation.framework/Versions/A/CoreFoundation
0x000000018ea80000 	/System/Library/Frameworks/CoreImage.framework/Versions/A/CoreImage
0x0000000186fda000 	/System/Library/Frameworks/CoreText.framework/Versions/A/CoreText
0x000000018e831000 	/System/Library/Frameworks/ImageIO.framework/Versions/A/ImageIO
0x0000000190342000 	/System/Library/PrivateFrameworks/SoftLinking.framework/Versions/A/SoftLinking
0x000000018cd92000 	/usr/lib/libxml2.2.dylib
0x00000001905db000 	/usr/lib/libcompression.dylib
0x0000000191fd8000 	/System/Library/PrivateFrameworks/TextureIO.framework/Versions/A/TextureIO
0x0000000190d03000 	/usr/lib/libate.dylib
0x0000000190bc8000 	/usr/lib/liblzma.5.dylib
0x0000000186417000 	/System/Library/Frameworks/SystemConfiguration.framework/Versions/A/SystemConfiguration
0x000000019033e000 	/usr/lib/libfakelink.dylib
0x000000018a42f000 	/System/Library/Frameworks/CFNetwork.framework/Versions/A/CFNetwork
0x0000000190484000 	/usr/lib/libarchive.2.dylib
0x000000018ee60000 	/System/Library/PrivateFrameworks/AppleSystemInfo.framework/Versions/A/AppleSystemInfo
0x000000018f9ea000 	/usr/lib/libbsm.0.dylib
0x000000018999c000 	/usr/lib/libnetwork.dylib
0x00000001902d8000 	/usr/lib/system/libkxld.dylib
0x000000018f604000 	/System/Library/PrivateFrameworks/IOMobileFramebuffer.framework/Versions/A/IOMobileFramebuffer
0x000000020533d000 	/usr/lib/libCoreEntitlements.dylib
0x000000019000e000 	/System/Library/PrivateFrameworks/AppleFSCompression.framework/Versions/A/AppleFSCompression
0x000000018f9d2000 	/usr/lib/libcoretls.dylib
0x0000000190be1000 	/usr/lib/libcoretls_cfhelpers.dylib
0x00000001905d6000 	/usr/lib/libpam.2.dylib
0x000000018bcd0000 	/usr/lib/libsqlite3.dylib
0x0000000190c4a000 	/usr/lib/libxar.1.dylib
0x000000019001f000 	/usr/lib/libbz2.1.0.dylib
0x0000000190343000 	/usr/lib/libpcap.A.dylib
0x000000018c0b1000 	/usr/lib/libdns_services.dylib
0x00000001905a9000 	/usr/lib/libapple_nghttp2.dylib
0x0000000190380000 	/usr/lib/libiconv.2.dylib
0x00000001902ce000 	/usr/lib/libcharset.1.dylib
0x000000018cd10000 	/System/Library/Frameworks/CoreServices.framework/Versions/A/Frameworks/FSEvents.framework/Versions/A/FSEvents
0x0000000187f1a000 	/System/Library/Frameworks/CoreServices.framework/Versions/A/Frameworks/CarbonCore.framework/Versions/A/CarbonCore
0x000000018c2f1000 	/System/Library/Frameworks/CoreServices.framework/Versions/A/Frameworks/Metadata.framework/Versions/A/Metadata
0x0000000190032000 	/System/Library/Frameworks/CoreServices.framework/Versions/A/Frameworks/OSServices.framework/Versions/A/OSServices
0x000000019050a000 	/System/Library/Frameworks/CoreServices.framework/Versions/A/Frameworks/SearchKit.framework/Versions/A/SearchKit
0x000000018c03f000 	/System/Library/Frameworks/CoreServices.framework/Versions/A/Frameworks/AE.framework/Versions/A/AE
0x0000000185d67000 	/System/Library/Frameworks/CoreServices.framework/Versions/A/Frameworks/LaunchServices.framework/Versions/A/LaunchServices
0x0000000190b71000 	/System/Library/Frameworks/CoreServices.framework/Versions/A/Frameworks/DictionaryServices.framework/Versions/A/DictionaryServices
0x000000018cd1d000 	/System/Library/Frameworks/CoreServices.framework/Versions/A/Frameworks/SharedFileList.framework/Versions/A/SharedFileList
0x000000018f9c2000 	/usr/lib/libCheckFix.dylib
0x000000018a96e000 	/System/Library/PrivateFrameworks/TCC.framework/Versions/A/TCC
0x000000018ee66000 	/System/Library/PrivateFrameworks/CoreNLP.framework/Versions/A/CoreNLP
0x000000018c2a0000 	/System/Library/PrivateFrameworks/MetadataUtilities.framework/Versions/A/MetadataUtilities
0x00000001864d1000 	/usr/lib/libmecabra.dylib
0x000000018f9fb000 	/usr/lib/libmecab.dylib
0x000000018649d000 	/usr/lib/libCRFSuite.dylib
0x000000018fa58000 	/usr/lib/libgermantok.dylib
0x0000000190582000 	/usr/lib/libThaiTokenizer.dylib
0x000000018c399000 	/System/Library/Frameworks/Accelerate.framework/Versions/A/Frameworks/vImage.framework/Versions/A/vImage
0x0000000196791000 	/System/Library/Frameworks/Accelerate.framework/Versions/A/Frameworks/vecLib.framework/Versions/A/vecLib
0x0000000190c8f000 	/System/Library/Frameworks/Accelerate.framework/Versions/A/Frameworks/vecLib.framework/Versions/A/libvMisc.dylib
0x000000018f50b000 	/System/Library/Frameworks/Accelerate.framework/Versions/A/Frameworks/vecLib.framework/Versions/A/libvDSP.dylib
0x00000001860f2000 	/System/Library/Frameworks/Accelerate.framework/Versions/A/Frameworks/vecLib.framework/Versions/A/libBLAS.dylib
0x00000001906ac000 	/System/Library/Frameworks/Accelerate.framework/Versions/A/Frameworks/vecLib.framework/Versions/A/libLAPACK.dylib
0x000000018fa5b000 	/System/Library/Frameworks/Accelerate.framework/Versions/A/Frameworks/vecLib.framework/Versions/A/libLinearAlgebra.dylib
0x00000001905c1000 	/System/Library/Frameworks/Accelerate.framework/Versions/A/Frameworks/vecLib.framework/Versions/A/libSparseBLAS.dylib
0x00000001906a7000 	/System/Library/Frameworks/Accelerate.framework/Versions/A/Frameworks/vecLib.framework/Versions/A/libQuadrature.dylib
0x000000018ef5f000 	/System/Library/Frameworks/Accelerate.framework/Versions/A/Frameworks/vecLib.framework/Versions/A/libBNNS.dylib
0x00000001863b0000 	/System/Library/Frameworks/Accelerate.framework/Versions/A/Frameworks/vecLib.framework/Versions/A/libSparse.dylib
0x000000018ef57000 	/System/Library/PrivateFrameworks/LinguisticData.framework/Versions/A/LinguisticData
0x0000000186368000 	/System/Library/PrivateFrameworks/Lexicon.framework/Versions/A/Lexicon
0x0000000190c87000 	/usr/lib/libChineseTokenizer.dylib
0x0000000186b16000 	/System/Library/PrivateFrameworks/LanguageModeling.framework/Versions/A/LanguageModeling
0x0000000190584000 	/System/Library/PrivateFrameworks/AppleSauce.framework/Versions/A/AppleSauce
0x000000018f5f1000 	/System/Library/PrivateFrameworks/CoreEmoji.framework/Versions/A/CoreEmoji
0x0000000190472000 	/usr/lib/libcmph.dylib
0x000000018ccf0000 	/System/Library/Frameworks/OpenDirectory.framework/Versions/A/Frameworks/CFOpenDirectory.framework/Versions/A/CFOpenDirectory
0x000000018cce0000 	/System/Library/Frameworks/OpenDirectory.framework/Versions/A/OpenDirectory
0x0000000190be3000 	/System/Library/PrivateFrameworks/APFS.framework/Versions/A/APFS
0x000000018f912000 	/System/Library/Frameworks/SecurityFoundation.framework/Versions/A/SecurityFoundation
0x0000000190c59000 	/usr/lib/libutil.dylib
0x0000000188253000 	/System/Library/PrivateFrameworks/CoreServicesStore.framework/Versions/A/CoreServicesStore
0x0000000190c5d000 	/usr/lib/libxslt.1.dylib
0x000000018f9a6000 	/System/Library/PrivateFrameworks/BackgroundTaskManagement.framework/Versions/A/BackgroundTaskManagement
0x0000000191ef9000 	/System/Library/Frameworks/ImageIO.framework/Versions/A/Resources/libRadiance.dylib
0x0000000191f02000 	/System/Library/Frameworks/ImageIO.framework/Versions/A/Resources/libJPEG.dylib
0x0000000191e55000 	/System/Library/Frameworks/ImageIO.framework/Versions/A/Resources/libPng.dylib
0x0000000191e77000 	/System/Library/Frameworks/ImageIO.framework/Versions/A/Resources/libTIFF.dylib
0x0000000191f5d000 	/System/Library/Frameworks/ImageIO.framework/Versions/A/Resources/libGIF.dylib
0x000000019188d000 	/System/Library/Frameworks/ImageIO.framework/Versions/A/Resources/libJP2.dylib
0x0000000190faf000 	/usr/lib/libexpat.1.dylib
0x0000000191848000 	/System/Library/PrivateFrameworks/AppleJPEG.framework/Versions/A/AppleJPEG
0x000000018e36c000 	/System/Library/PrivateFrameworks/FontServices.framework/libFontParser.dylib
0x000000018bfe4000 	/System/Library/PrivateFrameworks/RunningBoardServices.framework/Versions/A/RunningBoardServices
0x000000019c896000 	/System/Library/PrivateFrameworks/IOSurfaceAccelerator.framework/Versions/A/IOSurfaceAccelerator
0x0000000191979000 	/System/Library/PrivateFrameworks/WatchdogClient.framework/Versions/A/WatchdogClient
0x0000000186c16000 	/System/Library/Frameworks/CoreDisplay.framework/Versions/A/CoreDisplay
0x000000018e256000 	/System/Library/Frameworks/CoreMedia.framework/Versions/A/CoreMedia
0x000000018e0e1000 	/System/Library/PrivateFrameworks/IOAccelerator.framework/Versions/A/IOAccelerator
0x000000018ce80000 	/System/Library/Frameworks/CoreVideo.framework/Versions/A/CoreVideo
0x00000001905d4000 	/System/Library/Frameworks/MetalPerformanceShaders.framework/Versions/A/MetalPerformanceShaders
0x00000001919b8000 	/System/Library/Frameworks/VideoToolbox.framework/Versions/A/VideoToolbox
0x000000018bf28000 	/System/Library/PrivateFrameworks/BaseBoard.framework/Versions/A/BaseBoard
0x000000018bcb6000 	/System/Library/PrivateFrameworks/ProtocolBuffer.framework/Versions/A/ProtocolBuffer
0x0000000191ef4000 	/System/Library/PrivateFrameworks/GPUWrangler.framework/Versions/A/GPUWrangler
0x0000000191ed4000 	/System/Library/PrivateFrameworks/IOPresentment.framework/Versions/A/IOPresentment
0x0000000191efc000 	/System/Library/PrivateFrameworks/DSExternalDisplay.framework/Versions/A/DSExternalDisplay
0x00000001e6f46000 	/System/Library/Frameworks/OpenGL.framework/Versions/A/Libraries/libCoreFSCache.dylib
0x00000001f1e10000 	/System/Library/PrivateFrameworks/GPUCompiler.framework/Versions/31001/Libraries/libGPUCompilerUtils.dylib
0x0000000191f62000 	/System/Library/PrivateFrameworks/CMCaptureCore.framework/Versions/A/CMCaptureCore
0x0000000191560000 	/System/Library/PrivateFrameworks/AppServerSupport.framework/Versions/A/AppServerSupport
0x00000001937e8000 	/System/Library/PrivateFrameworks/perfdata.framework/Versions/A/perfdata
0x0000000186d36000 	/System/Library/PrivateFrameworks/AudioToolboxCore.framework/Versions/A/AudioToolboxCore
0x000000018e22f000 	/System/Library/PrivateFrameworks/caulk.framework/Versions/A/caulk
0x00000001930dd000 	/usr/lib/libAudioStatistics.dylib
0x00000001a50fb000 	/System/Library/PrivateFrameworks/SystemPolicy.framework/Versions/A/SystemPolicy
0x0000000193349000 	/usr/lib/libSMC.dylib
0x000000019c09d000 	/System/Library/Frameworks/CoreMIDI.framework/Versions/A/CoreMIDI
0x0000000191e23000 	/usr/lib/libAudioToolboxUtility.dylib
0x00000001a125e000 	/System/Library/PrivateFrameworks/OSAServicesClient.framework/Versions/A/OSAServicesClient
0x00000001937f5000 	/usr/lib/libperfcheck.dylib
0x00000001a5c1a000 	/usr/lib/libmis.dylib
0x00000001e6fa8000 	/System/Library/Frameworks/OpenGL.framework/Versions/A/Libraries/libGLU.dylib
0x00000001e6f67000 	/System/Library/Frameworks/OpenGL.framework/Versions/A/Libraries/libGFXShared.dylib
0x00000001e7154000 	/System/Library/Frameworks/OpenGL.framework/Versions/A/Libraries/libGL.dylib
0x00000001e6f70000 	/System/Library/Frameworks/OpenGL.framework/Versions/A/Libraries/libGLImage.dylib
0x00000001e6f64000 	/System/Library/Frameworks/OpenGL.framework/Versions/A/Libraries/libCVMSPluginSupport.dylib
0x00000001e6f4d000 	/System/Library/Frameworks/OpenGL.framework/Versions/A/Libraries/libCoreVMClient.dylib
0x000000018ede0000 	/System/Library/Frameworks/MetalPerformanceShaders.framework/Versions/A/Frameworks/MPSCore.framework/Versions/A/MPSCore
0x000000018ff81000 	/System/Library/Frameworks/MetalPerformanceShaders.framework/Versions/A/Frameworks/MPSImage.framework/Versions/A/MPSImage
0x000000018fa70000 	/System/Library/Frameworks/MetalPerformanceShaders.framework/Versions/A/Frameworks/MPSNeuralNetwork.framework/Versions/A/MPSNeuralNetwork
0x000000018fea9000 	/System/Library/Frameworks/MetalPerformanceShaders.framework/Versions/A/Frameworks/MPSMatrix.framework/Versions/A/MPSMatrix
0x000000018fc82000 	/System/Library/Frameworks/MetalPerformanceShaders.framework/Versions/A/Frameworks/MPSRayIntersector.framework/Versions/A/MPSRayIntersector
0x000000018feda000 	/System/Library/Frameworks/MetalPerformanceShaders.framework/Versions/A/Frameworks/MPSNDArray.framework/Versions/A/MPSNDArray
0x00000001e9a4f000 	/System/Library/Frameworks/MetalPerformanceShaders.framework/Versions/A/Frameworks/MPSFunctions.framework/Versions/A/MPSFunctions
0x0000000185fc8000 	/System/Library/PrivateFrameworks/MetalTools.framework/Versions/A/MetalTools
0x000000018ee5e000 	/System/Library/PrivateFrameworks/AggregateDictionary.framework/Versions/A/AggregateDictionary
0x0000000190d94000 	/usr/lib/libIOReport.dylib
0x000000019b0b6000 	/System/Library/PrivateFrameworks/ASEProcessing.framework/Versions/A/ASEProcessing
0x0000000191109000 	/System/Library/PrivateFrameworks/FaceCore.framework/Versions/A/FaceCore
0x00000001910fb000 	/System/Library/PrivateFrameworks/GraphVisualizer.framework/Versions/A/GraphVisualizer
0x00000001f1d27000 	/System/Library/PrivateFrameworks/FontServices.framework/Versions/A/FontServices
0x000000019151c000 	/System/Library/PrivateFrameworks/OTSVG.framework/Versions/A/OTSVG
0x000000018ca49000 	/System/Library/Frameworks/ApplicationServices.framework/Versions/A/Frameworks/ATS.framework/Versions/A/Resources/libFontRegistry.dylib
0x0000000191569000 	/System/Library/PrivateFrameworks/FontServices.framework/libhvf.dylib
0x00000001f1d28000 	/System/Library/PrivateFrameworks/FontServices.framework/libXTFontStaticRegistryData.dylib
0x00000001e72f5000 	/System/Library/Frameworks/OpenCL.framework/Versions/A/OpenCL
0x0000000190f63000 	/System/Library/PrivateFrameworks/AppleVA.framework/Versions/A/AppleVA
0x0000000193105000 	/System/Library/Frameworks/ApplicationServices.framework/Versions/A/Frameworks/ATS.framework/Versions/A/ATS
0x000000018b473000 	/System/Library/Frameworks/ApplicationServices.framework/Versions/A/Frameworks/HIServices.framework/Versions/A/HIServices
0x0000000191f6c000 	/System/Library/Frameworks/ApplicationServices.framework/Versions/A/Frameworks/PrintCore.framework/Versions/A/PrintCore
0x000000019349c000 	/System/Library/Frameworks/ApplicationServices.framework/Versions/A/Frameworks/QD.framework/Versions/A/QD
0x0000000193494000 	/System/Library/Frameworks/ApplicationServices.framework/Versions/A/Frameworks/ColorSyncLegacy.framework/Versions/A/ColorSyncLegacy
0x00000001930f1000 	/System/Library/Frameworks/ApplicationServices.framework/Versions/A/Frameworks/SpeechSynthesis.framework/Versions/A/SpeechSynthesis
0x0000000191f2d000 	/System/Library/Frameworks/ApplicationServices.framework/Versions/A/Frameworks/ATSUI.framework/Versions/A/ATSUI
0x0000000193429000 	/usr/lib/libcups.2.dylib
0x0000000193803000 	/System/Library/Frameworks/Kerberos.framework/Versions/A/Kerberos
0x0000000193814000 	/System/Library/Frameworks/GSS.framework/Versions/A/GSS
0x0000000193175000 	/usr/lib/libresolv.9.dylib
0x0000000191578000 	/System/Library/PrivateFrameworks/Heimdal.framework/Versions/A/Heimdal
0x000000019a2ec000 	/System/Library/Frameworks/Kerberos.framework/Versions/A/Libraries/libHeimdalProxy.dylib
0x000000018c0c3000 	/System/Library/Frameworks/Network.framework/Versions/A/Network
0x0000000190fca000 	/usr/lib/libheimdal-asn1.dylib
0x0000000193864000 	/System/Library/PrivateFrameworks/CommonAuth.framework/Versions/A/CommonAuth
0x000000019306b000 	/System/Library/PrivateFrameworks/AudioSession.framework/Versions/A/AudioSession
0x000000019105c000 	/System/Library/PrivateFrameworks/MediaExperience.framework/Versions/A/MediaExperience
0x0000000192ef0000 	/System/Library/PrivateFrameworks/AudioSession.framework/libSessionUtility.dylib
0x00000001934a8000 	/System/Library/PrivateFrameworks/AudioResourceArbitration.framework/Versions/A/AudioResourceArbitration
0x000000019766e000 	/System/Library/PrivateFrameworks/PowerLog.framework/Versions/A/PowerLog
0x0000000190fd4000 	/System/Library/PrivateFrameworks/IconFoundation.framework/Versions/A/IconFoundation
0x00000001963b7000 	/System/Library/PrivateFrameworks/SpeechRecognitionCore.framework/Versions/A/SpeechRecognitionCore
0x00000001c511f000 	/System/Library/CoreServices/Encodings/libJapaneseConverter.dylib
0x0000000107f00000 	/Library/Java/JavaVirtualMachines/zulu-16.jdk/Contents/Home/lib/server/libjvm.dylib
0x0000000102ce4000 	/Library/Java/JavaVirtualMachines/zulu-16.jdk/Contents/Home/lib/libjimage.dylib
0x0000000102f38000 	/Library/Java/JavaVirtualMachines/zulu-16.jdk/Contents/Home/lib/libjava.dylib
0x0000000102fd4000 	/Library/Java/JavaVirtualMachines/zulu-16.jdk/Contents/Home/lib/libnio.dylib
0x00000001079d8000 	/Library/Java/JavaVirtualMachines/zulu-16.jdk/Contents/Home/lib/libnet.dylib
0x0000000102f1c000 	/Library/Java/JavaVirtualMachines/zulu-16.jdk/Contents/Home/lib/libzip.dylib
0x0000000107b84000 	/Library/Java/JavaVirtualMachines/zulu-16.jdk/Contents/Home/lib/libawt.dylib
0x0000000107c34000 	/Library/Java/JavaVirtualMachines/zulu-16.jdk/Contents/Home/lib/libmlib_image.dylib
0x0000000107b28000 	/Library/Java/JavaVirtualMachines/zulu-16.jdk/Contents/Home/lib/JavaNativeFoundation.framework/JavaNativeFoundation
0x00000001e99b5000 	/System/Library/Frameworks/JavaRuntimeSupport.framework/Versions/A/JavaRuntimeSupport
0x00000001a4bfb000 	/System/Library/Frameworks/Carbon.framework/Versions/A/Carbon
0x000000019860d000 	/System/Library/PrivateFrameworks/CoreSymbolication.framework/Versions/A/CoreSymbolication
0x000000019dcd5000 	/System/Library/Frameworks/Carbon.framework/Versions/A/Frameworks/CommonPanels.framework/Versions/A/CommonPanels
0x0000000199ccf000 	/System/Library/Frameworks/Carbon.framework/Versions/A/Frameworks/Help.framework/Versions/A/Help
0x000000019dcd9000 	/System/Library/Frameworks/Carbon.framework/Versions/A/Frameworks/ImageCapture.framework/Versions/A/ImageCapture
0x000000019dca5000 	/System/Library/Frameworks/Carbon.framework/Versions/A/Frameworks/OpenScripting.framework/Versions/A/OpenScripting
0x000000019dcd1000 	/System/Library/Frameworks/Carbon.framework/Versions/A/Frameworks/Ink.framework/Versions/A/Ink
0x00000001a4bf7000 	/System/Library/Frameworks/Carbon.framework/Versions/A/Frameworks/Print.framework/Versions/A/Print
0x000000019dccd000 	/System/Library/Frameworks/Carbon.framework/Versions/A/Frameworks/SecurityHI.framework/Versions/A/SecurityHI
0x00000001985ca000 	/System/Library/PrivateFrameworks/DebugSymbols.framework/Versions/A/DebugSymbols
0x0000000107d50000 	/Library/Java/JavaVirtualMachines/zulu-16.jdk/Contents/Home/lib/libawt_lwawt.dylib
0x0000000107ca4000 	/Library/Java/JavaVirtualMachines/zulu-16.jdk/Contents/Home/lib/libosxapp.dylib
0x00000001a3e4d000 	/System/Library/Frameworks/ExceptionHandling.framework/Versions/A/ExceptionHandling


VM Arguments:
jvm_args: -Djava.awt.headless=true 
java_command: /Users/yuuki/.vscode/extensions/jebbs.plantuml-2.17.3/plantuml.jar -language
java_class_path (initial): /Users/yuuki/.vscode/extensions/jebbs.plantuml-2.17.3/plantuml.jar
Launcher Type: SUN_STANDARD

[Global flags]
     intx CICompilerCount                          = 4                                         {product} {ergonomic}
     uint ConcGCThreads                            = 2                                         {product} {ergonomic}
     uint G1ConcRefinementThreads                  = 8                                         {product} {ergonomic}
   size_t G1HeapRegionSize                         = 2097152                                   {product} {ergonomic}
    uintx GCDrainStackTargetSize                   = 64                                        {product} {ergonomic}
   size_t InitialHeapSize                          = 268435456                                 {product} {ergonomic}
   size_t MarkStackSize                            = 4194304                                   {product} {ergonomic}
   size_t MaxHeapSize                              = 4294967296                                {product} {ergonomic}
   size_t MaxNewSize                               = 2575302656                                {product} {ergonomic}
   size_t MinHeapDeltaBytes                        = 2097152                                   {product} {ergonomic}
   size_t MinHeapSize                              = 8388608                                   {product} {ergonomic}
    uintx NonNMethodCodeHeapSize                   = 5839564                                {pd product} {ergonomic}
    uintx NonProfiledCodeHeapSize                  = 122909338                              {pd product} {ergonomic}
    uintx ProfiledCodeHeapSize                     = 122909338                              {pd product} {ergonomic}
    uintx ReservedCodeCacheSize                    = 251658240                              {pd product} {ergonomic}
     bool SegmentedCodeCache                       = true                                      {product} {ergonomic}
   size_t SoftMaxHeapSize                          = 4294967296                             {manageable} {ergonomic}
     bool UseCompressedClassPointers               = true                           {product lp64_product} {ergonomic}
     bool UseCompressedOops                        = true                           {product lp64_product} {ergonomic}
     bool UseG1GC                                  = true                                      {product} {ergonomic}
     bool UseNUMA                                  = false                                     {product} {ergonomic}
     bool UseNUMAInterleaving                      = false                                     {product} {ergonomic}

Logging:
Log output configuration:
 #0: stdout all=warning uptime,level,tags
 #1: stderr all=off uptime,level,tags

Environment Variables:
PATH=/Users/yuuki/.opam/default/bin:/opt/homebrew/bin:/opt/homebrew/sbin:/usr/local/bin:/usr/bin:/bin:/usr/sbin:/sbin:/Library/Apple/usr/bin
SHELL=/bin/zsh
LANG=ja_JP.UTF-8

Signal Handlers:
SIGSEGV: [libjvm.dylib+0x9ace24], sa_mask[0]=11100110000111110111111111111111, sa_flags=SA_ONSTACK|SA_RESTART|SA_SIGINFO
SIGBUS: [libjvm.dylib+0x9ace24], sa_mask[0]=11100110000111110111111111111111, sa_flags=SA_RESTART|SA_SIGINFO
SIGFPE: [libjvm.dylib+0x9ace24], sa_mask[0]=11100110000111110111111111111111, sa_flags=SA_RESTART|SA_SIGINFO
SIGPIPE: [libjvm.dylib+0x896640], sa_mask[0]=11100110000111110111111111111111, sa_flags=SA_RESTART|SA_SIGINFO
SIGXFSZ: [libjvm.dylib+0x896640], sa_mask[0]=11100110000111110111111111111111, sa_flags=SA_RESTART|SA_SIGINFO
SIGILL: [libjvm.dylib+0x9ace24], sa_mask[0]=11100110000111110111111111111111, sa_flags=SA_RESTART|SA_SIGINFO
SIGUSR2: [libjvm.dylib+0x897078], sa_mask[0]=00000000000000000000000000000000, sa_flags=SA_RESTART|SA_SIGINFO
SIGHUP: [libjvm.dylib+0x8956f0], sa_mask[0]=11100110000111110111111111111111, sa_flags=SA_RESTART|SA_SIGINFO
SIGINT: [libjvm.dylib+0x8956f0], sa_mask[0]=11100110000111110111111111111111, sa_flags=SA_RESTART|SA_SIGINFO
SIGTERM: [libjvm.dylib+0x8956f0], sa_mask[0]=11100110000111110111111111111111, sa_flags=SA_RESTART|SA_SIGINFO
SIGQUIT: [libjvm.dylib+0x8956f0], sa_mask[0]=11100110000111110111111111111111, sa_flags=SA_RESTART|SA_SIGINFO
SIGTRAP: [libjvm.dylib+0x9ace24], sa_mask[0]=11100110000111110111111111111111, sa_flags=SA_RESTART|SA_SIGINFO


---------------  S Y S T E M  ---------------

OS:uname: Darwin 21.6.0 Darwin Kernel Version 21.6.0: Wed Aug 10 14:28:35 PDT 2022; root:xnu-8020.141.5~2/RELEASE_ARM64_T8101 arm64
OS uptime: 3 days 2:01 hours
rlimit (soft/hard): STACK 8176k/65520k , CORE 0k/infinity , NPROC 2666/4000 , NOFILE 10240/infinity , AS infinity/infinity , CPU infinity/infinity , DATA infinity/infinity , FSIZE infinity/infinity , MEMLOCK infinity/infinity , RSS infinity/infinity
load average: 1.91 3.08 2.47

CPU: total 8 (initial active 8) 0x61:0x0:0x1b588bb3:0, simd, crc, lse

Memory: 16k page, physical 16777216k(876416k free), swap 0k(0k free)

vm_info: OpenJDK 64-Bit Server VM (16+36) for bsd-aarch64 JRE (16+36) (Zulu16.28+11-CA), built on Mar  9 2021 03:14:09 by "zulu_re" with clang Apple LLVM 12.0.0 (clang-1200.0.32.28)

END.
